[2025-06-27 22:20:35] [info] === 现代化多特征码搜索工具 ===
[2025-06-27 22:20:35] [info] 添加自定义结果: 标识指针1 -> 0x60
[2025-06-27 22:20:35] [info] 添加自定义结果: 标识指针2 -> 0x10
[2025-06-27 22:20:35] [info] 添加自定义结果: 对局名称1 -> 0x120
[2025-06-27 22:20:35] [info] 添加自定义结果: 对局名称2 -> 0x78
[2025-06-27 22:20:35] [info] 添加自定义结果: 对局名称3 -> 0x858
[2025-06-27 22:20:35] [info] 添加自定义结果: 对局名称4 -> 0x28
[2025-06-27 22:20:35] [info] 添加自定义结果: 对局名称5 -> 0x0
[2025-06-27 22:20:35] [info] 添加自定义结果: 对局名称6 -> 0xA8
[2025-06-27 22:20:35] [info] 添加自定义结果: 回合偏移1 -> 0x8
[2025-06-27 22:20:35] [info] 添加自定义结果: 回合偏移2 -> 0x20
[2025-06-27 22:20:35] [info] 添加自定义结果: 坐标基址 -> 0x254
[2025-06-27 22:20:35] [info] 添加自定义结果: 小怪偏移 -> 0x18
[2025-06-27 22:20:35] [info] 添加自定义结果: 阵营偏移文本 -> 0x2F0
[2025-06-27 22:20:35] [info] 添加自定义结果: 数组开始 -> 0x8
[2025-06-27 22:20:35] [info] 添加自定义结果: 数组结束 -> 0x10
[2025-06-27 22:20:35] [info] 添加自定义结果: 金币偏移 -> 0x524
[2025-06-27 22:20:35] [info] 添加自定义结果: 是否已拿 -> 0x238
[2025-06-27 22:20:35] [info] 添加自定义结果: 是否可拿牌 -> 0x90
[2025-06-27 22:20:35] [info] 添加自定义结果: 商店牌价格 -> 0x244
[2025-06-27 22:20:35] [info] 添加自定义结果: 商店坐标 -> 0x258
[2025-06-27 22:20:35] [info] 添加自定义结果: 商店位置2 -> 0x268
[2025-06-27 22:20:35] [info] 添加自定义结果: 商店位置3 -> 0xA70
[2025-06-27 22:20:35] [info] 添加自定义结果: 拿牌call1文本 -> 0x250
[2025-06-27 22:20:35] [info] 添加自定义结果: 拿牌偏移文本 -> 0x230
[2025-06-27 22:20:35] [info] 添加自定义结果: 排名乘文本 -> 0x68
[2025-06-27 22:20:35] [info] 添加自定义结果: 排名乘加文本 -> 0x14
[2025-06-27 22:20:35] [info] 添加自定义结果: 排名寄存器ecx加1常量文本 -> 0x8
[2025-06-27 22:20:35] [info] 添加自定义结果: 排名寄存器ecx加2常量文本 -> 0x70
[2025-06-27 22:20:35] [info] 添加自定义结果: 拿当前基址位置常量文本 -> 0x2F0
[2025-06-27 22:20:35] [info] 添加特征码: 数组指针 -> 74 0D 48 8B 06 BA 01 00 00 00 48 8B CE FF 10
[2025-06-27 22:20:35] [info] 添加特征码: 人物基址 -> 48 8b 0d ?? ?? ?? ?? 48 8d 54 24 ?? 48 8b 3d ?? ?? ?? ?? 48 81 c1 ?? ?? ?? ?? 48 8b 01 ff 50 ?? 48 8d 8e
[2025-06-27 22:20:35] [info] 添加特征码: 备战 -> 48 8b 0d ?? ?? ?? ?? e8 ?? ?? ?? ?? 8b ?? ?? ?? E8
[2025-06-27 22:20:35] [info] 添加特征码: 云顶数据 -> 48 89 35 ?? ?? ?? ?? E8 ?? ?? ?? ?? 45 33 E4
[2025-06-27 22:20:35] [info] 添加特征码: 拿牌CALL -> 48 8b 0d ?? ?? ?? ?? 45 33 c9 48 83 c4
[2025-06-27 22:20:35] [info] 添加特征码: 拿牌偏移 -> 48 8b 8b ?? ?? ?? ?? 48 85 c9 74 ?? 8b 93 ?? ?? ?? ?? e8 ?? ?? ?? ?? c6 83
[2025-06-27 22:20:35] [info] 添加特征码: 名称偏移 -> 48 8B 8B ?? ?? 00 00 48 FF C2 48 81 FA 00 10 00 00 72 1C 48 8B 79 F8 48 83 C2 27 48 2B CF 48 8D 41 F8 48 83 F8 1F 0F 87
[2025-06-27 22:20:35] [info] 添加特征码: 星级指针 -> 48 8d 91 ?? 4C 00 00 33 c9 0f b6 42 ?? 44 0f b6 42 ?? 44 8b 4c 82 ?? 44 89 0c 24 4d 85 c0 0f 84 ?? ?? ?? ?? 49 83 f8 ?? 0f 82 ?? ?? ?? ?? 48 8d 42 ?? 4a 8d 04 c0 4c 8d 14 24 4e 8d 4c c4 ?? 4c 3b d0 77 ?? 4c 3b ca 0f 83 ?? ?? ?? ?? 4d 8b d8 48 89 5c 24 ?? 49 83 e3 ?? 48 89 7c 24 ?? 66 0f 6f 15 ?? ?? ?? ?? 48 8d 04 24 4c 8d 54 24 ?? 48 2b c2 4c 2b d2 48 8d 1c 24 48 2b da 4c 8d 4a ?? f3 42 0f 6f 44 08 ?? 48 83 c1 ?? f3 41 0f 6f 49 ?? 4d 8d 49 ?? 0f 55 ca 0f 57 c8 f3 42 0f 7f 4c 08 ??
[2025-06-27 22:20:35] [info] 添加自定义结果: 星级指针2 -> 0x17
[2025-06-27 22:20:35] [info] 添加特征码: 对局基址 -> 75 1A 48 8D 4F
[2025-06-27 22:20:35] [info] 添加特征码: 小怪基址 -> 48 ?? ?? ?? 48 ?? ?? ?? ?? ?? ?? 48 ?? ?? 83 78 ?? ?? 0F 85 ?? ?? ?? ??
[2025-06-27 22:20:35] [info] 添加特征码: 矩阵基址 -> 48 8D 0D ?? ?? ?? ?? 0F 10 00
[2025-06-27 22:20:35] [error] 无效的十六进制值: %s
[2025-06-27 22:20:35] [error] 解析特征码失败: 是否已满
[2025-06-27 22:20:35] [error] 无效的十六进制值: %s
[2025-06-27 22:20:35] [error] 解析特征码失败: 总人数基址
[2025-06-27 22:20:35] [info] 添加特征码: 拿牌call1 -> 48 8b 0d ?? ?? ?? ?? 45 33 c9 48 83 c4
[2025-06-27 22:20:35] [info] 添加特征码: 坐标地址 -> 48 81 C2 ?? 02 00 00 48 8B D9
[2025-06-27 22:20:35] [info] 添加特征码: 阵营指针 -> FF 90 ?? ?? ?? ?? 48 83 C3 08 49 3B DE 0F 85 ?? ?? ?? ?? 48
[2025-06-27 22:20:35] [info] 添加特征码: 血量地址 -> 49 8D 8F ?? 10 00 00 F3 41 0F 11 87 ?? 0F 00 00 33 C0
[2025-06-27 22:20:35] [info] 添加特征码: 已满偏移 -> F3 0F 11 87 ?? ?? 00 00 C7 87
[2025-06-27 22:20:35] [info] 成功初始化进程，模块基址: 0x140000000，大小: 0x1ea1000
[2025-06-27 22:20:35] [info] 开始搜索 46 个特征码...
[2025-06-27 22:20:35] [info] 正在搜索特征码: 标识指针1
[2025-06-27 22:20:35] [info] 跳过自定义数据搜索: 标识指针1
[2025-06-27 22:20:35] [info] 正在搜索特征码: 标识指针2
[2025-06-27 22:20:35] [info] 跳过自定义数据搜索: 标识指针2
[2025-06-27 22:20:35] [info] 正在搜索特征码: 对局名称1
[2025-06-27 22:20:35] [info] 跳过自定义数据搜索: 对局名称1
[2025-06-27 22:20:35] [info] 正在搜索特征码: 对局名称2
[2025-06-27 22:20:35] [info] 跳过自定义数据搜索: 对局名称2
[2025-06-27 22:20:35] [info] 正在搜索特征码: 对局名称3
[2025-06-27 22:20:35] [info] 跳过自定义数据搜索: 对局名称3
[2025-06-27 22:20:35] [info] 正在搜索特征码: 对局名称4
[2025-06-27 22:20:35] [info] 跳过自定义数据搜索: 对局名称4
[2025-06-27 22:20:35] [info] 正在搜索特征码: 对局名称5
[2025-06-27 22:20:35] [info] 跳过自定义数据搜索: 对局名称5
[2025-06-27 22:20:35] [info] 正在搜索特征码: 对局名称6
[2025-06-27 22:20:35] [info] 跳过自定义数据搜索: 对局名称6
[2025-06-27 22:20:35] [info] 正在搜索特征码: 回合偏移1
[2025-06-27 22:20:35] [info] 跳过自定义数据搜索: 回合偏移1
[2025-06-27 22:20:35] [info] 正在搜索特征码: 回合偏移2
[2025-06-27 22:20:35] [info] 跳过自定义数据搜索: 回合偏移2
[2025-06-27 22:20:35] [info] 正在搜索特征码: 坐标基址
[2025-06-27 22:20:35] [info] 跳过自定义数据搜索: 坐标基址
[2025-06-27 22:20:35] [info] 正在搜索特征码: 小怪偏移
[2025-06-27 22:20:35] [info] 跳过自定义数据搜索: 小怪偏移
[2025-06-27 22:20:35] [info] 正在搜索特征码: 阵营偏移文本
[2025-06-27 22:20:35] [info] 跳过自定义数据搜索: 阵营偏移文本
[2025-06-27 22:20:35] [info] 正在搜索特征码: 数组开始
[2025-06-27 22:20:35] [info] 跳过自定义数据搜索: 数组开始
[2025-06-27 22:20:35] [info] 正在搜索特征码: 数组结束
[2025-06-27 22:20:35] [info] 跳过自定义数据搜索: 数组结束
[2025-06-27 22:20:35] [info] 正在搜索特征码: 金币偏移
[2025-06-27 22:20:35] [info] 跳过自定义数据搜索: 金币偏移
[2025-06-27 22:20:35] [info] 正在搜索特征码: 是否已拿
[2025-06-27 22:20:35] [info] 跳过自定义数据搜索: 是否已拿
[2025-06-27 22:20:35] [info] 正在搜索特征码: 是否可拿牌
[2025-06-27 22:20:35] [info] 跳过自定义数据搜索: 是否可拿牌
[2025-06-27 22:20:35] [info] 正在搜索特征码: 商店牌价格
[2025-06-27 22:20:35] [info] 跳过自定义数据搜索: 商店牌价格
[2025-06-27 22:20:35] [info] 正在搜索特征码: 商店坐标
[2025-06-27 22:20:35] [info] 跳过自定义数据搜索: 商店坐标
[2025-06-27 22:20:35] [info] 正在搜索特征码: 商店位置2
[2025-06-27 22:20:35] [info] 跳过自定义数据搜索: 商店位置2
[2025-06-27 22:20:35] [info] 正在搜索特征码: 商店位置3
[2025-06-27 22:20:35] [info] 跳过自定义数据搜索: 商店位置3
[2025-06-27 22:20:35] [info] 正在搜索特征码: 拿牌call1文本
[2025-06-27 22:20:35] [info] 跳过自定义数据搜索: 拿牌call1文本
[2025-06-27 22:20:35] [info] 正在搜索特征码: 拿牌偏移文本
[2025-06-27 22:20:35] [info] 跳过自定义数据搜索: 拿牌偏移文本
[2025-06-27 22:20:35] [info] 正在搜索特征码: 排名乘文本
[2025-06-27 22:20:35] [info] 跳过自定义数据搜索: 排名乘文本
[2025-06-27 22:20:35] [info] 正在搜索特征码: 排名乘加文本
[2025-06-27 22:20:35] [info] 跳过自定义数据搜索: 排名乘加文本
[2025-06-27 22:20:35] [info] 正在搜索特征码: 排名寄存器ecx加1常量文本
[2025-06-27 22:20:35] [info] 跳过自定义数据搜索: 排名寄存器ecx加1常量文本
[2025-06-27 22:20:35] [info] 正在搜索特征码: 排名寄存器ecx加2常量文本
[2025-06-27 22:20:35] [info] 跳过自定义数据搜索: 排名寄存器ecx加2常量文本
[2025-06-27 22:20:35] [info] 正在搜索特征码: 拿当前基址位置常量文本
[2025-06-27 22:20:35] [info] 跳过自定义数据搜索: 拿当前基址位置常量文本
[2025-06-27 22:20:35] [info] 正在搜索特征码: 数组指针
[2025-06-27 22:20:35] [info] 搜索进度: 32.6% (10485760/32116736)
[2025-06-27 22:20:35] [info] 搜索进度: 65.3% (20971520/32116736)
[2025-06-27 22:20:35] [info] 搜索进度: 97.9% (31457280/32116736)
[2025-06-27 22:20:35] [info] 搜索进度: 100.0% (32116736/32116736)
[2025-06-27 22:20:35] [info] 特征码 '数组指针' 搜索完成，找到 1 个匹配
[2025-06-27 22:20:35] [info] 选择第 1 个匹配: 0x141c5c4c0
[2025-06-27 22:20:35] [info] 正在搜索特征码: 人物基址
[2025-06-27 22:20:35] [info] 搜索进度: 32.6% (10485760/32116736)
[2025-06-27 22:20:35] [info] 搜索进度: 65.3% (20971520/32116736)
[2025-06-27 22:20:35] [info] 搜索进度: 97.9% (31457280/32116736)
[2025-06-27 22:20:35] [info] 搜索进度: 100.0% (32116736/32116736)
[2025-06-27 22:20:35] [info] 特征码 '人物基址' 搜索完成，找到 2 个匹配
[2025-06-27 22:20:35] [info] 选择第 1 个匹配: 0x141c8a030
[2025-06-27 22:20:35] [info] 正在搜索特征码: 备战
[2025-06-27 22:20:35] [info] 搜索进度: 32.6% (10485760/32116736)
[2025-06-27 22:20:35] [info] 搜索进度: 65.3% (20971520/32116736)
[2025-06-27 22:20:35] [info] 搜索进度: 97.9% (31457280/32116736)
[2025-06-27 22:20:35] [info] 搜索进度: 100.0% (32116736/32116736)
[2025-06-27 22:20:35] [info] 特征码 '备战' 搜索完成，找到 1 个匹配
[2025-06-27 22:20:35] [info] 选择第 1 个匹配: 0x141c6f690
[2025-06-27 22:20:35] [info] 正在搜索特征码: 云顶数据
[2025-06-27 22:20:35] [info] 搜索进度: 32.6% (10485760/32116736)
[2025-06-27 22:20:35] [info] 搜索进度: 65.3% (20971520/32116736)
[2025-06-27 22:20:35] [info] 搜索进度: 97.9% (31457280/32116736)
[2025-06-27 22:20:35] [info] 搜索进度: 100.0% (32116736/32116736)
[2025-06-27 22:20:35] [info] 特征码 '云顶数据' 搜索完成，找到 1 个匹配
[2025-06-27 22:20:35] [info] 选择第 1 个匹配: 0x141caa370
[2025-06-27 22:20:35] [info] 正在搜索特征码: 拿牌CALL
[2025-06-27 22:20:35] [info] 搜索进度: 32.6% (10485760/32116736)
[2025-06-27 22:20:35] [info] 搜索进度: 65.3% (20971520/32116736)
[2025-06-27 22:20:35] [info] 搜索进度: 97.9% (31457280/32116736)
[2025-06-27 22:20:35] [info] 搜索进度: 100.0% (32116736/32116736)
[2025-06-27 22:20:35] [info] 特征码 '拿牌CALL' 搜索完成，找到 1 个匹配
[2025-06-27 22:20:35] [info] 选择第 1 个匹配: 0x1409a6f70
[2025-06-27 22:20:35] [info] 正在搜索特征码: 拿牌偏移
[2025-06-27 22:20:35] [info] 搜索进度: 32.6% (10485760/32116736)
[2025-06-27 22:20:35] [info] 搜索进度: 65.3% (20971520/32116736)
[2025-06-27 22:20:35] [info] 搜索进度: 97.9% (31457280/32116736)
[2025-06-27 22:20:35] [info] 搜索进度: 100.0% (32116736/32116736)
[2025-06-27 22:20:35] [info] 特征码 '拿牌偏移' 搜索完成，找到 1 个匹配
[2025-06-27 22:20:35] [info] 选择第 1 个匹配: 0x220
[2025-06-27 22:20:35] [info] 正在搜索特征码: 名称偏移
[2025-06-27 22:20:35] [info] 搜索进度: 32.6% (10485760/32116736)
[2025-06-27 22:20:35] [info] 搜索进度: 65.3% (20971520/32116736)
[2025-06-27 22:20:35] [info] 搜索进度: 97.9% (31457280/32116736)
[2025-06-27 22:20:35] [info] 搜索进度: 100.0% (32116736/32116736)
[2025-06-27 22:20:35] [info] 特征码 '名称偏移' 搜索完成，找到 6 个匹配
[2025-06-27 22:20:35] [info] 选择第 1 个匹配: 0x42e8
[2025-06-27 22:20:35] [info] 正在搜索特征码: 星级指针
[2025-06-27 22:20:35] [info] 搜索进度: 32.6% (10485760/32116736)
[2025-06-27 22:20:35] [info] 搜索进度: 65.3% (20971520/32116736)
[2025-06-27 22:20:35] [info] 搜索进度: 97.9% (31457280/32116736)
[2025-06-27 22:20:35] [info] 搜索进度: 100.0% (32116736/32116736)
[2025-06-27 22:20:35] [info] 特征码 '星级指针' 搜索完成，找到 1 个匹配
[2025-06-27 22:20:35] [info] 选择第 1 个匹配: 0x4c54
[2025-06-27 22:20:35] [info] 正在搜索特征码: 星级指针2
[2025-06-27 22:20:35] [info] 跳过自定义数据搜索: 星级指针2
[2025-06-27 22:20:35] [info] 正在搜索特征码: 对局基址
[2025-06-27 22:20:35] [info] 搜索进度: 32.6% (10485760/32116736)
[2025-06-27 22:20:35] [info] 搜索进度: 65.3% (20971520/32116736)
[2025-06-27 22:20:35] [info] 搜索进度: 97.9% (31457280/32116736)
[2025-06-27 22:20:35] [info] 搜索进度: 100.0% (32116736/32116736)
[2025-06-27 22:20:35] [info] 特征码 '对局基址' 搜索完成，找到 3 个匹配
[2025-06-27 22:20:35] [info] 选择第 1 个匹配: 0x141caa3a8
[2025-06-27 22:20:35] [info] 正在搜索特征码: 小怪基址
[2025-06-27 22:20:35] [info] 搜索进度: 32.6% (10485760/32116736)
[2025-06-27 22:20:35] [info] 搜索进度: 65.3% (20971520/32116736)
[2025-06-27 22:20:35] [info] 搜索进度: 97.9% (31457280/32116736)
[2025-06-27 22:20:35] [info] 搜索进度: 100.0% (32116736/32116736)
[2025-06-27 22:20:35] [info] 特征码 '小怪基址' 搜索完成，找到 2 个匹配
[2025-06-27 22:20:35] [info] 选择第 1 个匹配: 0x1924c9163
[2025-06-27 22:20:35] [info] 正在搜索特征码: 矩阵基址
[2025-06-27 22:20:35] [info] 搜索进度: 32.6% (10485760/32116736)
[2025-06-27 22:20:35] [info] 搜索进度: 65.3% (20971520/32116736)
[2025-06-27 22:20:35] [info] 搜索进度: 97.9% (31457280/32116736)
[2025-06-27 22:20:35] [info] 搜索进度: 100.0% (32116736/32116736)
[2025-06-27 22:20:35] [info] 特征码 '矩阵基址' 搜索完成，找到 1 个匹配
[2025-06-27 22:20:35] [info] 选择第 1 个匹配: 0x141cf0280
[2025-06-27 22:20:35] [info] 正在搜索特征码: 拿牌call1
[2025-06-27 22:20:35] [info] 搜索进度: 32.6% (10485760/32116736)
[2025-06-27 22:20:35] [info] 搜索进度: 65.3% (20971520/32116736)
[2025-06-27 22:20:35] [info] 搜索进度: 97.9% (31457280/32116736)
[2025-06-27 22:20:35] [info] 搜索进度: 100.0% (32116736/32116736)
[2025-06-27 22:20:35] [info] 特征码 '拿牌call1' 搜索完成，找到 1 个匹配
[2025-06-27 22:20:35] [info] 选择第 1 个匹配: 0x240
[2025-06-27 22:20:35] [info] 正在搜索特征码: 坐标地址
[2025-06-27 22:20:35] [info] 搜索进度: 32.6% (10485760/32116736)
[2025-06-27 22:20:35] [info] 搜索进度: 65.3% (20971520/32116736)
[2025-06-27 22:20:35] [info] 搜索进度: 97.9% (31457280/32116736)
[2025-06-27 22:20:35] [info] 搜索进度: 100.0% (32116736/32116736)
[2025-06-27 22:20:35] [info] 特征码 '坐标地址' 搜索完成，找到 1 个匹配
[2025-06-27 22:20:35] [info] 选择第 1 个匹配: 0x254
[2025-06-27 22:20:35] [info] 正在搜索特征码: 阵营指针
[2025-06-27 22:20:35] [info] 搜索进度: 32.6% (10485760/32116736)
[2025-06-27 22:20:35] [info] 搜索进度: 65.3% (20971520/32116736)
[2025-06-27 22:20:35] [info] 搜索进度: 97.9% (31457280/32116736)
[2025-06-27 22:20:35] [info] 搜索进度: 100.0% (32116736/32116736)
[2025-06-27 22:20:35] [info] 特征码 '阵营指针' 搜索完成，找到 1 个匹配
[2025-06-27 22:20:35] [info] 选择第 1 个匹配: 0x2f0
[2025-06-27 22:20:35] [info] 正在搜索特征码: 血量地址
[2025-06-27 22:20:35] [info] 搜索进度: 32.6% (10485760/32116736)
[2025-06-27 22:20:36] [info] 搜索进度: 65.3% (20971520/32116736)
[2025-06-27 22:20:36] [info] 搜索进度: 97.9% (31457280/32116736)
[2025-06-27 22:20:36] [info] 搜索进度: 100.0% (32116736/32116736)
[2025-06-27 22:20:36] [info] 特征码 '血量地址' 搜索完成，找到 1 个匹配
[2025-06-27 22:20:36] [info] 选择第 1 个匹配: 0x1088
[2025-06-27 22:20:36] [info] 正在搜索特征码: 已满偏移
[2025-06-27 22:20:36] [info] 搜索进度: 32.6% (10485760/32116736)
[2025-06-27 22:20:36] [info] 搜索进度: 65.3% (20971520/32116736)
[2025-06-27 22:20:36] [info] 搜索进度: 97.9% (31457280/32116736)
[2025-06-27 22:20:36] [info] 搜索进度: 100.0% (32116736/32116736)
[2025-06-27 22:20:36] [info] 特征码 '已满偏移' 搜索完成，找到 2 个匹配
[2025-06-27 22:20:36] [info] 选择第 1 个匹配: 0x80c4
[2025-06-27 22:20:36] [info] 
=== 搜索结果摘要 ===
[2025-06-27 22:20:36] [info] 标识指针1: 0x60 (自定义结果)
[2025-06-27 22:20:36] [info] 标识指针2: 0x10 (自定义结果)
[2025-06-27 22:20:36] [info] 对局名称1: 0x120 (自定义结果)
[2025-06-27 22:20:36] [info] 对局名称2: 0x78 (自定义结果)
[2025-06-27 22:20:36] [info] 对局名称3: 0x858 (自定义结果)
[2025-06-27 22:20:36] [info] 对局名称4: 0x28 (自定义结果)
[2025-06-27 22:20:36] [info] 对局名称5: 0x0 (自定义结果)
[2025-06-27 22:20:36] [info] 对局名称6: 0xA8 (自定义结果)
[2025-06-27 22:20:36] [info] 回合偏移1: 0x8 (自定义结果)
[2025-06-27 22:20:36] [info] 回合偏移2: 0x20 (自定义结果)
[2025-06-27 22:20:36] [info] 坐标基址: 0x254 (自定义结果)
[2025-06-27 22:20:36] [info] 小怪偏移: 0x18 (自定义结果)
[2025-06-27 22:20:36] [info] 阵营偏移文本: 0x2F0 (自定义结果)
[2025-06-27 22:20:36] [info] 数组开始: 0x8 (自定义结果)
[2025-06-27 22:20:36] [info] 数组结束: 0x10 (自定义结果)
[2025-06-27 22:20:36] [info] 金币偏移: 0x524 (自定义结果)
[2025-06-27 22:20:36] [info] 是否已拿: 0x238 (自定义结果)
[2025-06-27 22:20:36] [info] 是否可拿牌: 0x90 (自定义结果)
[2025-06-27 22:20:36] [info] 商店牌价格: 0x244 (自定义结果)
[2025-06-27 22:20:36] [info] 商店坐标: 0x258 (自定义结果)
[2025-06-27 22:20:36] [info] 商店位置2: 0x268 (自定义结果)
[2025-06-27 22:20:36] [info] 商店位置3: 0xA70 (自定义结果)
[2025-06-27 22:20:36] [info] 拿牌call1文本: 0x250 (自定义结果)
[2025-06-27 22:20:36] [info] 拿牌偏移文本: 0x230 (自定义结果)
[2025-06-27 22:20:36] [info] 排名乘文本: 0x68 (自定义结果)
[2025-06-27 22:20:36] [info] 排名乘加文本: 0x14 (自定义结果)
[2025-06-27 22:20:36] [info] 排名寄存器ecx加1常量文本: 0x8 (自定义结果)
[2025-06-27 22:20:36] [info] 排名寄存器ecx加2常量文本: 0x70 (自定义结果)
[2025-06-27 22:20:36] [info] 拿当前基址位置常量文本: 0x2F0 (自定义结果)
[2025-06-27 22:20:36] [info] 特征码: 数组指针 -> 1 个匹配
[2025-06-27 22:20:36] [info]   [1] 0x141c5c4c0
[2025-06-27 22:20:36] [info] 特征码: 人物基址 -> 2 个匹配
[2025-06-27 22:20:36] [info]   [1] 0x141c8a030
[2025-06-27 22:20:36] [info]   [2] 0x141c8a030
[2025-06-27 22:20:36] [info] 特征码: 备战 -> 1 个匹配
[2025-06-27 22:20:36] [info]   [1] 0x141c6f690
[2025-06-27 22:20:36] [info] 特征码: 云顶数据 -> 1 个匹配
[2025-06-27 22:20:36] [info]   [1] 0x141caa370
[2025-06-27 22:20:36] [info] 特征码: 拿牌CALL -> 1 个匹配
[2025-06-27 22:20:36] [info]   [1] 0x1409a6f70
[2025-06-27 22:20:36] [info] 特征码: 拿牌偏移 -> 1 个匹配
[2025-06-27 22:20:36] [info]   [1] 0x220
[2025-06-27 22:20:36] [info] 特征码: 名称偏移 -> 6 个匹配
[2025-06-27 22:20:36] [info]   [1] 0x42e8
[2025-06-27 22:20:36] [info]   [2] 0x42c8
[2025-06-27 22:20:36] [info]   [3] 0xf68
[2025-06-27 22:20:36] [info]   [4] 0xf48
[2025-06-27 22:20:36] [info]   [5] 0xf28
[2025-06-27 22:20:36] [info]   ... 还有 1 个匹配
[2025-06-27 22:20:36] [info] 特征码: 星级指针 -> 1 个匹配
[2025-06-27 22:20:36] [info]   [1] 0x4c54
[2025-06-27 22:20:36] [info] 星级指针2: 0x17 (自定义结果)
[2025-06-27 22:20:36] [info] 特征码: 对局基址 -> 3 个匹配
[2025-06-27 22:20:36] [info]   [1] 0x141caa3a8
[2025-06-27 22:20:36] [info]   [2] 0x1616d2092
[2025-06-27 22:20:36] [info]   [3] 0x18a42d00e
[2025-06-27 22:20:36] [info] 特征码: 小怪基址 -> 2 个匹配
[2025-06-27 22:20:36] [info]   [1] 0x1924c9163
[2025-06-27 22:20:36] [info]   [2] 0x1b51e9583
[2025-06-27 22:20:36] [info] 特征码: 矩阵基址 -> 1 个匹配
[2025-06-27 22:20:36] [info]   [1] 0x141cf0280
[2025-06-27 22:20:36] [info] 特征码: 拿牌call1 -> 1 个匹配
[2025-06-27 22:20:36] [info]   [1] 0x240
[2025-06-27 22:20:36] [info] 特征码: 坐标地址 -> 1 个匹配
[2025-06-27 22:20:36] [info]   [1] 0x254
[2025-06-27 22:20:36] [info] 特征码: 阵营指针 -> 1 个匹配
[2025-06-27 22:20:36] [info]   [1] 0x2f0
[2025-06-27 22:20:36] [info] 特征码: 血量地址 -> 1 个匹配
[2025-06-27 22:20:36] [info]   [1] 0x1088
[2025-06-27 22:20:36] [info] 特征码: 已满偏移 -> 2 个匹配
[2025-06-27 22:20:36] [info]   [1] 0x80c4
[2025-06-27 22:20:36] [info]   [2] 0x104
[2025-06-27 22:20:36] [info] 总计: 46 个特征码，26 个匹配
[2025-06-27 22:20:36] [info] 
=== JSON格式结果 ===
[2025-06-27 22:20:36] [info] 结果已保存到JSON文件: pattern_results_2025-06-27_22-20-36.json
[2025-06-27 22:20:36] [info] 
=== 最终结果摘要 ===
[2025-06-27 22:20:36] [info] 标识指针1: 0x60 (自定义结果)
[2025-06-27 22:20:36] [info] 标识指针2: 0x10 (自定义结果)
[2025-06-27 22:20:36] [info] 对局名称1: 0x120 (自定义结果)
[2025-06-27 22:20:36] [info] 对局名称2: 0x78 (自定义结果)
[2025-06-27 22:20:36] [info] 对局名称3: 0x858 (自定义结果)
[2025-06-27 22:20:36] [info] 对局名称4: 0x28 (自定义结果)
[2025-06-27 22:20:36] [info] 对局名称5: 0x0 (自定义结果)
[2025-06-27 22:20:36] [info] 对局名称6: 0xA8 (自定义结果)
[2025-06-27 22:20:36] [info] 回合偏移1: 0x8 (自定义结果)
[2025-06-27 22:20:36] [info] 回合偏移2: 0x20 (自定义结果)
[2025-06-27 22:20:36] [info] 坐标基址: 0x254 (自定义结果)
[2025-06-27 22:20:36] [info] 小怪偏移: 0x18 (自定义结果)
[2025-06-27 22:20:36] [info] 阵营偏移文本: 0x2F0 (自定义结果)
[2025-06-27 22:20:36] [info] 数组开始: 0x8 (自定义结果)
[2025-06-27 22:20:36] [info] 数组结束: 0x10 (自定义结果)
[2025-06-27 22:20:36] [info] 金币偏移: 0x524 (自定义结果)
[2025-06-27 22:20:36] [info] 是否已拿: 0x238 (自定义结果)
[2025-06-27 22:20:36] [info] 是否可拿牌: 0x90 (自定义结果)
[2025-06-27 22:20:36] [info] 商店牌价格: 0x244 (自定义结果)
[2025-06-27 22:20:36] [info] 商店坐标: 0x258 (自定义结果)
[2025-06-27 22:20:36] [info] 商店位置2: 0x268 (自定义结果)
[2025-06-27 22:20:36] [info] 商店位置3: 0xA70 (自定义结果)
[2025-06-27 22:20:36] [info] 拿牌call1文本: 0x250 (自定义结果)
[2025-06-27 22:20:36] [info] 拿牌偏移文本: 0x230 (自定义结果)
[2025-06-27 22:20:36] [info] 排名乘文本: 0x68 (自定义结果)
[2025-06-27 22:20:36] [info] 排名乘加文本: 0x14 (自定义结果)
[2025-06-27 22:20:36] [info] 排名寄存器ecx加1常量文本: 0x8 (自定义结果)
[2025-06-27 22:20:36] [info] 排名寄存器ecx加2常量文本: 0x70 (自定义结果)
[2025-06-27 22:20:36] [info] 拿当前基址位置常量文本: 0x2F0 (自定义结果)
[2025-06-27 22:20:36] [info] 数组指针: 0x141C5C4C0 (第1个匹配，共1个)
[2025-06-27 22:20:36] [info] 人物基址: 0x141C8A030 (第1个匹配，共2个)
[2025-06-27 22:20:36] [info] 备战: 0x141C6F690 (第1个匹配，共1个)
[2025-06-27 22:20:36] [info] 云顶数据: 0x141CAA370 (第1个匹配，共1个)
[2025-